# JRE version: Java(TM) SE Runtime Environment (17.0.9+11) (build 17.0.9+11-LTS-201)
# Java VM: Java HotSpot(TM) 64-Bit Server VM (17.0.9+11-LTS-201, mixed mode, sharing, tiered, compressed oops, compressed class ptrs, g1 gc, windows-amd64)
GC Precious Log:
 CPUs: 12 total, 12 available
 Memory: 7876M
 Large Page Support: Disabled
 NUMA Support: Disabled
 Compressed Oops: Enabled (32-bit)
 Heap Region Size: 1M
 Heap Min Capacity: 8M
 Heap Initial Capacity: 124M
 Heap Max Capacity: 1970M
 Pre-touch: Disabled
 Parallel Workers: 10
 Concurrent Workers: 3
 Concurrent Refinement Workers: 10
 Periodic GC: Disabled
Heap:
 garbage-first heap   total 48128K, used 26106K [0x0000000084e00000, 0x0000000100000000)
  region size 1024K, 1 young (1024K), 1 survivors (1024K)
 Metaspace       used 61075K, committed 61440K, reserved 1114112K
  class space    used 7823K, committed 8000K, reserved 1048576K
GC Heap History (20 events):
Event: 10.263 GC heap before
{Heap before GC invocations=11 (full 0):
 garbage-first heap   total 48128K, used 36761K [0x0000000084e00000, 0x0000000100000000)
  region size 1024K, 18 young (18432K), 3 survivors (3072K)
 Metaspace       used 52084K, committed 52416K, reserved 1114112K
  class space    used 6962K, committed 7104K, reserved 1048576K
}
Event: 10.266 GC heap after
{Heap after GC invocations=12 (full 0):
 garbage-first heap   total 48128K, used 22479K [0x0000000084e00000, 0x0000000100000000)
  region size 1024K, 3 young (3072K), 3 survivors (3072K)
 Metaspace       used 52084K, committed 52416K, reserved 1114112K
  class space    used 6962K, committed 7104K, reserved 1048576K
}
Event: 10.650 GC heap before
{Heap before GC invocations=12 (full 0):
 garbage-first heap   total 48128K, used 37839K [0x0000000084e00000, 0x0000000100000000)
  region size 1024K, 18 young (18432K), 3 survivors (3072K)
 Metaspace       used 53296K, committed 53632K, reserved 1114112K
  class space    used 7131K, committed 7296K, reserved 1048576K
}
Event: 10.655 GC heap after
{Heap after GC invocations=13 (full 0):
 garbage-first heap   total 48128K, used 23747K [0x0000000084e00000, 0x0000000100000000)
  region size 1024K, 3 young (3072K), 3 survivors (3072K)
 Metaspace       used 53296K, committed 53632K, reserved 1114112K
  class space    used 7131K, committed 7296K, reserved 1048576K
}
Event: 11.260 GC heap before
{Heap before GC invocations=13 (full 0):
 garbage-first heap   total 48128K, used 36035K [0x0000000084e00000, 0x0000000100000000)
  region size 1024K, 16 young (16384K), 3 survivors (3072K)
 Metaspace       used 55427K, committed 55744K, reserved 1114112K
  class space    used 7401K, committed 7552K, reserved 1048576K
}
Event: 11.264 GC heap after
{Heap after GC invocations=14 (full 0):
 garbage-first heap   total 48128K, used 25042K [0x0000000084e00000, 0x0000000100000000)
  region size 1024K, 2 young (2048K), 2 survivors (2048K)
 Metaspace       used 55427K, committed 55744K, reserved 1114112K
  class space    used 7401K, committed 7552K, reserved 1048576K
}
Event: 11.689 GC heap before
{Heap before GC invocations=15 (full 0):
 garbage-first heap   total 48128K, used 36306K [0x0000000084e00000, 0x0000000100000000)
  region size 1024K, 14 young (14336K), 2 survivors (2048K)
 Metaspace       used 58003K, committed 58368K, reserved 1114112K
  class space    used 7746K, committed 7936K, reserved 1048576K
}
Event: 11.697 GC heap after
{Heap after GC invocations=16 (full 0):
 garbage-first heap   total 48128K, used 26454K [0x0000000084e00000, 0x0000000100000000)
  region size 1024K, 2 young (2048K), 2 survivors (2048K)
 Metaspace       used 58003K, committed 58368K, reserved 1114112K
  class space    used 7746K, committed 7936K, reserved 1048576K
}
Event: 12.374 GC heap before
{Heap before GC invocations=16 (full 0):
 garbage-first heap   total 48128K, used 36694K [0x0000000084e00000, 0x0000000100000000)
  region size 1024K, 13 young (13312K), 2 survivors (2048K)
 Metaspace       used 58938K, committed 59328K, reserved 1114112K
  class space    used 7819K, committed 8000K, reserved 1048576K
}
Event: 12.377 GC heap after
{Heap after GC invocations=17 (full 0):
 garbage-first heap   total 48128K, used 26521K [0x0000000084e00000, 0x0000000100000000)
  region size 1024K, 1 young (1024K), 1 survivors (1024K)
 Metaspace       used 58938K, committed 59328K, reserved 1114112K
  class space    used 7819K, committed 8000K, reserved 1048576K
}
Event: 13.226 GC heap before
{Heap before GC invocations=18 (full 0):
 garbage-first heap   total 48128K, used 38809K [0x0000000084e00000, 0x0000000100000000)
  region size 1024K, 13 young (13312K), 1 survivors (1024K)
 Metaspace       used 59572K, committed 59968K, reserved 1114112K
  class space    used 7822K, committed 8000K, reserved 1048576K
}
Event: 13.228 GC heap after
{Heap after GC invocations=19 (full 0):
 garbage-first heap   total 48128K, used 26483K [0x0000000084e00000, 0x0000000100000000)
  region size 1024K, 1 young (1024K), 1 survivors (1024K)
 Metaspace       used 59572K, committed 59968K, reserved 1114112K
  class space    used 7822K, committed 8000K, reserved 1048576K
}
Event: 13.281 GC heap before
{Heap before GC invocations=19 (full 0):
 garbage-first heap   total 48128K, used 26483K [0x0000000084e00000, 0x0000000100000000)
  region size 1024K, 2 young (2048K), 1 survivors (1024K)
 Metaspace       used 59588K, committed 59968K, reserved 1114112K
  class space    used 7822K, committed 8000K, reserved 1048576K
}
Event: 13.285 GC heap after
{Heap after GC invocations=20 (full 0):
 garbage-first heap   total 48128K, used 26017K [0x0000000084e00000, 0x0000000100000000)
  region size 1024K, 1 young (1024K), 1 survivors (1024K)
 Metaspace       used 59588K, committed 59968K, reserved 1114112K
  class space    used 7822K, committed 8000K, reserved 1048576K
}
Event: 14.005 GC heap before
{Heap before GC invocations=20 (full 0):
 garbage-first heap   total 48128K, used 38305K [0x0000000084e00000, 0x0000000100000000)
  region size 1024K, 13 young (13312K), 1 survivors (1024K)
 Metaspace       used 60058K, committed 60416K, reserved 1114112K
  class space    used 7822K, committed 8000K, reserved 1048576K
}
Event: 14.007 GC heap after
{Heap after GC invocations=21 (full 0):
 garbage-first heap   total 48128K, used 26054K [0x0000000084e00000, 0x0000000100000000)
  region size 1024K, 1 young (1024K), 1 survivors (1024K)
 Metaspace       used 60058K, committed 60416K, reserved 1114112K
  class space    used 7822K, committed 8000K, reserved 1048576K
}
Event: 14.472 GC heap before
{Heap before GC invocations=22 (full 0):
 garbage-first heap   total 48128K, used 38342K [0x0000000084e00000, 0x0000000100000000)
  region size 1024K, 13 young (13312K), 1 survivors (1024K)
 Metaspace       used 60829K, committed 61248K, reserved 1114112K
  class space    used 7823K, committed 8000K, reserved 1048576K
}
Event: 14.474 GC heap after
{Heap after GC invocations=23 (full 0):
 garbage-first heap   total 48128K, used 26096K [0x0000000084e00000, 0x0000000100000000)
  region size 1024K, 1 young (1024K), 1 survivors (1024K)
 Metaspace       used 60829K, committed 61248K, reserved 1114112K
  class space    used 7823K, committed 8000K, reserved 1048576K
}
Event: 14.933 GC heap before
{Heap before GC invocations=23 (full 0):
 garbage-first heap   total 48128K, used 38384K [0x0000000084e00000, 0x0000000100000000)
  region size 1024K, 14 young (14336K), 1 survivors (1024K)
 Metaspace       used 60972K, committed 61376K, reserved 1114112K
  class space    used 7823K, committed 8000K, reserved 1048576K
}
Event: 14.937 GC heap after
{Heap after GC invocations=24 (full 0):
 garbage-first heap   total 48128K, used 26140K [0x0000000084e00000, 0x0000000100000000)
  region size 1024K, 1 young (1024K), 1 survivors (1024K)
 Metaspace       used 60972K, committed 61376K, reserved 1114112K
  class space    used 7823K, committed 8000K, reserved 1048576K
}

